

-------------------------


Total time: 102541276.000000 microsec
----------------------

Average time: 102.541276 microsec

-------------------------


Total time: 104214437.000000 microsec
----------------------

Average time: 104.214437 microsec

-------------------------


Total time: 104240347.000000 microsec
----------------------



-------------------------


Total time: 102334402.000000 microsec
----------------------

Average time: 102.334402 microsecAverage time: 104.240347 microsec

-------------------------


Total time: 101015204.000000 microsec
----------------------

Average time: 101.015204 microsec

-------------------------


Total time: 102460996.000000 microsec
----------------------

Average time: 102.460996 microsec