

-------------------------


Total time: 19891842.000000 microsec
----------------------

Average time: 19.891842 microsec

-------------------------


Total time: 19098509.000000 microsec
----------------------

Average time: 19.098509 microsec

-------------------------


Total time: 18462838.000000 microsec
----------------------

Average time: 18.462838 microsec

-------------------------


Total time: 18763311.000000 microsec
----------------------

Average time: 18.763311 microsec

-------------------------


Total time: 19050983.000000 microsec
----------------------



-------------------------


Total time: 19635334.000000 microsec
----------------------

Average time: 19.635334 microsecAverage time: 19.050983 microsec

-------------------------


Total time: 19813376.000000 microsec
----------------------

Average time: 19.813376 microsec

-------------------------


Total time: 18605221.000000 microsec
----------------------

Average time: 18.605221 microsec