

-------------------------


Total time: 17278661.000000 microsec
----------------------

Average time: 17.278661 microsec

-------------------------


Total time: 17283336.000000 microsec
----------------------

Average time: 17.283336 microsec

-------------------------


Total time: 17778960.000000 microsec
----------------------



-------------------------


Total time: 18164993.000000 microsec
----------------------

Average time: 18.164993 microsecAverage time: 17.778960 microsec

-------------------------


Total time: 15929437.000000 microsec
----------------------

Average time: 15.929437 microsec

-------------------------


Total time: 18667788.000000 microsec
----------------------

Average time: 18.667788 microsec

-------------------------


Total time: 16468658.000000 microsec
----------------------

Average time: 16.468658 microsec