

-------------------------


Total time: 19866862.000000 microsec
----------------------

Average time: 19.866862 microsec

-------------------------




-------------------------


Total time: 17526497.000000 microsec
----------------------

Average time: 17.526497 microsecTotal time: 17494422.000000 microsec
----------------------

Average time: 17.494422 microsec

-------------------------


Total time: 18461478.000000 microsec
----------------------

Average time: 18.461478 microsec

-------------------------


Total time: 20885313.000000 microsec
----------------------

Average time: 20.885313 microsec

-------------------------


Total time: 21572217.000000 microsec
----------------------

Average time: 21.572217 microsec

-------------------------


Total time: 19683949.000000 microsec
----------------------

Average time: 19.683949 microsec